c:\unigithub\comp3015_cw1\cw1\project_template\x64\debug\vc143.pdb
c:\unigithub\comp3015_cw1\cw2 attempt 3\project_template\x64\debug\vc143.pdb
c:\unigithub\comp3015_cw1\cw2 attempt 3\project_template\x64\debug\vc143.idb
c:\unigithub\comp3015_cw1\cw2 attempt 3\project_template\x64\debug\glad.obj
c:\unigithub\comp3015_cw1\cw1\project_template\x64\debug\vc143.idb
c:\unigithub\comp3015_cw1\cw2 attempt 3\project_template\x64\debug\scenebasic_uniform.obj
c:\unigithub\comp3015_cw1\cw2 attempt 3\project_template\x64\debug\main.obj
c:\unigithub\comp3015_cw1\cw2 attempt 3\project_template\x64\debug\trianglemesh.obj
c:\unigithub\comp3015_cw1\cw2 attempt 3\project_template\x64\debug\torus.obj
c:\unigithub\comp3015_cw1\cw2 attempt 3\project_template\x64\debug\texture.obj
c:\unigithub\comp3015_cw1\cw2 attempt 3\project_template\x64\debug\teapot.obj
c:\unigithub\comp3015_cw1\cw2 attempt 3\project_template\x64\debug\stb_image.obj
c:\unigithub\comp3015_cw1\cw2 attempt 3\project_template\x64\debug\plane.obj
c:\unigithub\comp3015_cw1\cw2 attempt 3\project_template\x64\debug\objmesh.obj
c:\unigithub\comp3015_cw1\cw2 attempt 3\project_template\x64\debug\glutils.obj
c:\unigithub\comp3015_cw1\cw2 attempt 3\project_template\x64\debug\glslprogram.obj
c:\unigithub\comp3015_cw1\cw2 attempt 3\project_template\x64\debug\cube.obj
c:\unigithub\comp3015_cw1\cw2 attempt 3\project_template\x64\debug\sphere.obj
c:\unigithub\comp3015_cw1\cw2 attempt 3\project_template\x64\debug\project_template.exe
c:\unigithub\comp3015_cw1\cw2 attempt 3\project_template\x64\debug\project_template.ilk
c:\unigithub\comp3015_cw1\cw2 attempt 3\project_template\x64\debug\project_template.pdb
c:\unigithub\comp3015_cw1\cw2\project_template\x64\debug\cube.obj
c:\unigithub\comp3015_cw1\cw2\project_template\x64\debug\glad.obj
c:\unigithub\comp3015_cw1\cw2\project_template\x64\debug\glslprogram.obj
c:\unigithub\comp3015_cw1\cw2\project_template\x64\debug\glutils.obj
c:\unigithub\comp3015_cw1\cw2\project_template\x64\debug\main.obj
c:\unigithub\comp3015_cw1\cw2\project_template\x64\debug\objmesh.obj
c:\unigithub\comp3015_cw1\cw2\project_template\x64\debug\plane.obj
c:\unigithub\comp3015_cw1\cw2\project_template\x64\debug\scenebasic_uniform.obj
c:\unigithub\comp3015_cw1\cw2\project_template\x64\debug\sphere.obj
c:\unigithub\comp3015_cw1\cw2\project_template\x64\debug\spiky ball.obj
c:\unigithub\comp3015_cw1\cw2\project_template\x64\debug\stb_image.obj
c:\unigithub\comp3015_cw1\cw2\project_template\x64\debug\teapot.obj
c:\unigithub\comp3015_cw1\cw2\project_template\x64\debug\texture.obj
c:\unigithub\comp3015_cw1\cw2\project_template\x64\debug\torus.obj
c:\unigithub\comp3015_cw1\cw2\project_template\x64\debug\trianglemesh.obj
c:\unigithub\comp3015_cw1\cw2\project_template\x64\debug\project_template.ilk
c:\unigithub\comp3015_cw1\cw2\project_template\x64\debug\vc143.idb
c:\unigithub\comp3015_cw1\cw2\project_template\x64\debug\project_template.pdb
c:\unigithub\comp3015_cw1\cw2\project_template\x64\debug\vc143.pdb
c:\unigithub\comp3015_cw1\cw2\project_template\x64\debug\project_template.exe
c:\unigithub\comp3015_cw1\cw2\project_template\x64\debug\project_template.tlog\cl.command.1.tlog
c:\unigithub\comp3015_cw1\cw2\project_template\x64\debug\project_template.tlog\cl.read.1.tlog
c:\unigithub\comp3015_cw1\cw2\project_template\x64\debug\project_template.tlog\cl.write.1.tlog
c:\unigithub\comp3015_cw1\cw2\project_template\x64\debug\project_template.tlog\link.command.1.tlog
c:\unigithub\comp3015_cw1\cw2\project_template\x64\debug\project_template.tlog\link.read.1.tlog
c:\unigithub\comp3015_cw1\cw2\project_template\x64\debug\project_template.tlog\link.write.1.tlog
