  glad.c
  sphere.cpp
  cube.cpp
  glslprogram.cpp
  glutils.cpp
  objmesh.cpp
C:\UniGitHub\COMP3015_CW1\CW2\Project_Template\helper\objmesh.cpp(188,41): warning C4267: '+=': conversion from 'size_t' to 'int', possible loss of data
C:\UniGitHub\COMP3015_CW1\CW2\Project_Template\helper\objmesh.cpp(194,48): warning C4267: '+=': conversion from 'size_t' to 'int', possible loss of data
C:\UniGitHub\COMP3015_CW1\CW2\Project_Template\helper\objmesh.cpp(198,43): warning C4267: '+=': conversion from 'size_t' to 'int', possible loss of data
  plane.cpp
  stb_image.cpp
  teapot.cpp
  texture.cpp
  torus.cpp
  trianglemesh.cpp
  main.cpp
  scenebasic_uniform.cpp
C:\UniGitHub\COMP3015_CW1\CW2\Project_Template\scenebasic_uniform.cpp(22,31): warning C4244: 'argument': conversion from 'float' to 'int', possible loss of data
C:\UniGitHub\COMP3015_CW1\CW2\Project_Template\scenebasic_uniform.cpp(22,25): warning C4244: 'argument': conversion from 'float' to 'int', possible loss of data
  Generating Code...
  Project_Template.vcxproj -> C:\UniGitHub\COMP3015_CW1\CW2\Project_Template\x64\Debug\Project_Template.exe
